<?xml version="1.0" encoding="utf-8"?><testsuites name="pytest tests"><testsuite name="pytest" errors="0" failures="0" skipped="0" tests="8" time="22.209" timestamp="2026-08-15T12:54:44.709688+00:00" hostname="agent-env-d65fa7d3-e638-4c61-9fd8-f83eca22b05c"><testcase classname="tests.test_api.TestAnalyze" name="test_analyze_devanagari" time="8.333" /><testcase classname="tests.test_api.TestAnalyzeValidation" name="test_empty_text_rejected" time="0.391" /><testcase classname="tests.test_api.TestAnalyzeValidation" name="test_over_500_chars_rejected" time="0.049" /><testcase classname="tests.test_api.TestHealth" name="test_health_ok" time="0.044" /><testcase classname="tests.test_api.TestIpaDeterminism" name="test_namah_verse_ipa" time="2.977" /><testcase classname="tests.test_api.TestAnalyze" name="test_analyze_iast" time="13.016" /><testcase classname="tests.test_api.TestTTS" name="test_tts_missing_key_returns_400" time="0.157" /><testcase classname="tests.test_api.TestTTS" name="test_tts_invalid_key_returns_401" time="0.186" /></testsuite></testsuites>